<?xml version="1.0" encoding="UTF-8"?>
<testsuite xmlns:xsi="http://www.w3.org/2001/XMLSchema-instance" xsi:noNamespaceSchemaLocation="https://maven.apache.org/surefire/maven-surefire-plugin/xsd/surefire-test-report-3.0.xsd" version="3.0" name="UsuarioValidatorTest" time="0.015" tests="9" errors="0" skipped="0" failures="0">
  <properties>
[...]
</properties>
  <testcase name="PasswordSinMinuscula" classname="UsuarioValidatorTest" time="0.001"/>
  <testcase name="PasswordSinMayuscula" classname="UsuarioValidatorTest" time="0.001"/>
  <testcase name="usuarioYPasswordValidos" classname="UsuarioValidatorTest" time="0.001"/>
  <testcase name="usuarioVacio" classname="UsuarioValidatorTest" time="0.001"/>
  <testcase name="usuarioConMayuscula" classname="UsuarioValidatorTest" time="0.001"/>
  <testcase name="usuarioConCaracterEspecial" classname="UsuarioValidatorTest" time="0.001"/>
  <testcase name="PasswordVacio" classname="UsuarioValidatorTest" time="0.001"/>
  <testcase name="PasswordSinNumero" classname="UsuarioValidatorTest" time="0.001"/>
  <testcase name="PasswordSinCaracterEspecial" classname="UsuarioValidatorTest" time="0.001"/>
</testsuite>